<?xml version="1.0" encoding="UTF-8"?>
<!-- Generated by org.testng.reporters.JUnitReportReporter -->
<testsuite hostname="khaled" failures="0" tests="3" name="cucumberRunner.RunnerTest" time="23.397" errors="0" timestamp="17 Dec 2023 15:23:39 GMT" skipped="0">
  <testcase classname="cucumberRunner.RunnerTest" name="runScenario" time="7.153"/>
  <testcase classname="cucumberRunner.RunnerTest" name="runScenario" time="7.234"/>
  <testcase classname="cucumberRunner.RunnerTest" name="runScenario" time="9.010"/>
</testsuite> <!-- cucumberRunner.RunnerTest -->
